Using pre-set license
Built from '2022.3/staging' branch; Version is '2022.3.15f1 (b58023a2b463) revision 11894819'; Using compiler version '192829333'; Build Type 'Release'
OS: 'Windows 10  (10.0.19045) 64bit Professional' Language: 'en' Physical Memory: 16202 MB
BatchMode: 1, IsHumanControllingUs: 0, StartBugReporterOnCrash: 0, Is64bit: 1, IsPro: 1

COMMAND LINE ARGUMENTS:
E:\Game Engines\Unity 2022.3.15f1\Editor\Unity.exe
-adb2
-batchMode
-noUpm
-name
AssetImportWorker3
-projectPath
E:/Games/ZenoJam 2024 v2
-logFile
Logs/AssetImportWorker3.log
-srvPort
52504
Successfully changed project path to: E:/Games/ZenoJam 2024 v2
E:/Games/ZenoJam 2024 v2
[UnityMemory] Configuration Parameters - Can be set up in boot.config
    "memorysetup-bucket-allocator-granularity=16"
    "memorysetup-bucket-allocator-bucket-count=8"
    "memorysetup-bucket-allocator-block-size=33554432"
    "memorysetup-bucket-allocator-block-count=8"
    "memorysetup-main-allocator-block-size=16777216"
    "memorysetup-thread-allocator-block-size=16777216"
    "memorysetup-gfx-main-allocator-block-size=16777216"
    "memorysetup-gfx-thread-allocator-block-size=16777216"
    "memorysetup-cache-allocator-block-size=4194304"
    "memorysetup-typetree-allocator-block-size=2097152"
    "memorysetup-profiler-bucket-allocator-granularity=16"
    "memorysetup-profiler-bucket-allocator-bucket-count=8"
    "memorysetup-profiler-bucket-allocator-block-size=33554432"
    "memorysetup-profiler-bucket-allocator-block-count=8"
    "memorysetup-profiler-allocator-block-size=16777216"
    "memorysetup-profiler-editor-allocator-block-size=1048576"
    "memorysetup-temp-allocator-size-main=16777216"
    "memorysetup-job-temp-allocator-block-size=2097152"
    "memorysetup-job-temp-allocator-block-size-background=1048576"
    "memorysetup-job-temp-allocator-reduction-small-platforms=262144"
    "memorysetup-allocator-temp-initial-block-size-main=262144"
    "memorysetup-allocator-temp-initial-block-size-worker=262144"
    "memorysetup-temp-allocator-size-background-worker=32768"
    "memorysetup-temp-allocator-size-job-worker=262144"
    "memorysetup-temp-allocator-size-preload-manager=33554432"
    "memorysetup-temp-allocator-size-nav-mesh-worker=65536"
    "memorysetup-temp-allocator-size-audio-worker=65536"
    "memorysetup-temp-allocator-size-cloud-worker=32768"
    "memorysetup-temp-allocator-size-gi-baking-worker=262144"
    "memorysetup-temp-allocator-size-gfx=262144"
Player connection [14836] Host "[IP] 192.168.1.108 [Port] 0 [Flags] 2 [Guid] 4292051213 [EditorId] 4292051213 [Version] 1048832 [Id] WindowsEditor(7,DESKTOP-FKI4481) [Debug] 1 [PackageName] WindowsEditor [ProjectName] Editor" joined multi-casting on [225.0.0.222:54997]...

Player connection [14836] Host "[IP] 192.168.1.108 [Port] 0 [Flags] 2 [Guid] 4292051213 [EditorId] 4292051213 [Version] 1048832 [Id] WindowsEditor(7,DESKTOP-FKI4481) [Debug] 1 [PackageName] WindowsEditor [ProjectName] Editor" joined alternative multi-casting on [225.0.0.222:34997]...

[Physics::Module] Initialized MultithreadedJobDispatcher with 19 workers.
Refreshing native plugins compatible for Editor in 10.48 ms, found 4 plugins.
Preloading 0 native plugins for Editor in 0.00 ms.
Initialize engine version: 2022.3.15f1 (b58023a2b463)
[Subsystems] Discovering subsystems at path E:/Game Engines/Unity 2022.3.15f1/Editor/Data/Resources/UnitySubsystems
[Subsystems] Discovering subsystems at path E:/Games/ZenoJam 2024 v2/Assets
GfxDevice: creating device client; threaded=0; jobified=0
Direct3D:
    Version:  Direct3D 11.0 [level 11.1]
    Renderer: AMD Radeon RX 6650 XT (ID=0x73ef)
    Vendor:   ATI
    VRAM:     8147 MB
    Driver:   31.0.24019.1006
Initialize mono
Mono path[0] = 'E:/Game Engines/Unity 2022.3.15f1/Editor/Data/Managed'
Mono path[1] = 'E:/Game Engines/Unity 2022.3.15f1/Editor/Data/MonoBleedingEdge/lib/mono/unityjit-win32'
Mono config path = 'E:/Game Engines/Unity 2022.3.15f1/Editor/Data/MonoBleedingEdge/etc'
Using monoOptions --debugger-agent=transport=dt_socket,embedding=1,server=y,suspend=n,address=127.0.0.1:56028
Begin MonoManager ReloadAssembly
Registering precompiled unity dll's ...
Register platform support module: E:/Game Engines/Unity 2022.3.15f1/Editor/Data/PlaybackEngines/WindowsStandaloneSupport/UnityEditor.WindowsStandalone.Extensions.dll
Registered in 0.004179 seconds.
- Loaded All Assemblies, in  0.394 seconds
Native extension for WindowsStandalone target not found
Mono: successfully reloaded assembly
- Finished resetting the current domain, in  0.354 seconds
Domain Reload Profiling: 748ms
	BeginReloadAssembly (129ms)
		ExecutionOrderSort (0ms)
		DisableScriptedObjects (0ms)
		BackupInstance (0ms)
		ReleaseScriptingObjects (0ms)
		CreateAndSetChildDomain (1ms)
	RebuildCommonClasses (39ms)
	RebuildNativeTypeToScriptingClass (13ms)
	initialDomainReloadingComplete (60ms)
	LoadAllAssembliesAndSetupDomain (152ms)
		LoadAssemblies (128ms)
		RebuildTransferFunctionScriptingTraits (0ms)
		AnalyzeDomain (150ms)
			TypeCache.Refresh (148ms)
				TypeCache.ScanAssembly (134ms)
			ScanForSourceGeneratedMonoScriptInfo (0ms)
			ResolveRequiredComponents (0ms)
	FinalizeReload (355ms)
		ReleaseScriptCaches (0ms)
		RebuildScriptCaches (0ms)
		SetupLoadedEditorAssemblies (279ms)
			LogAssemblyErrors (0ms)
			InitializePlatformSupportModulesInManaged (10ms)
			SetLoadedEditorAssemblies (9ms)
			RefreshPlugins (0ms)
			BeforeProcessingInitializeOnLoad (4ms)
			ProcessInitializeOnLoadAttributes (198ms)
			ProcessInitializeOnLoadMethodAttributes (59ms)
			AfterProcessingInitializeOnLoad (0ms)
			EditorAssembliesLoaded (0ms)
		ExecutionOrderSort2 (0ms)
		AwakeInstancesAfterBackupRestoration (0ms)
========================================================================
Worker process is ready to serve import requests
Begin MonoManager ReloadAssembly
- Loaded All Assemblies, in  0.625 seconds
Refreshing native plugins compatible for Editor in 3.22 ms, found 4 plugins.
Native extension for WindowsStandalone target not found
Package Manager log level set to [2]
[Package Manager] Server::EnsureServerProcessIsRunning -- launch failed, reason: Unity was launched with the -noUpm command-line argument
[Package Manager] UpmClient::Send -- Unable to send message (not connected to UPM process).
[Package Manager] Cannot connect to Unity Package Manager local server
Mono: successfully reloaded assembly
- Finished resetting the current domain, in  0.655 seconds
Domain Reload Profiling: 1279ms
	BeginReloadAssembly (148ms)
		ExecutionOrderSort (0ms)
		DisableScriptedObjects (6ms)
		BackupInstance (0ms)
		ReleaseScriptingObjects (0ms)
		CreateAndSetChildDomain (19ms)
	RebuildCommonClasses (35ms)
	RebuildNativeTypeToScriptingClass (12ms)
	initialDomainReloadingComplete (42ms)
	LoadAllAssembliesAndSetupDomain (388ms)
		LoadAssemblies (290ms)
		RebuildTransferFunctionScriptingTraits (0ms)
		AnalyzeDomain (182ms)
			TypeCache.Refresh (149ms)
				TypeCache.ScanAssembly (133ms)
			ScanForSourceGeneratedMonoScriptInfo (23ms)
			ResolveRequiredComponents (9ms)
	FinalizeReload (655ms)
		ReleaseScriptCaches (0ms)
		RebuildScriptCaches (0ms)
		SetupLoadedEditorAssemblies (486ms)
			LogAssemblyErrors (0ms)
			InitializePlatformSupportModulesInManaged (5ms)
			SetLoadedEditorAssemblies (4ms)
			RefreshPlugins (0ms)
			BeforeProcessingInitializeOnLoad (68ms)
			ProcessInitializeOnLoadAttributes (364ms)
			ProcessInitializeOnLoadMethodAttributes (41ms)
			AfterProcessingInitializeOnLoad (3ms)
			EditorAssembliesLoaded (0ms)
		ExecutionOrderSort2 (0ms)
		AwakeInstancesAfterBackupRestoration (9ms)
Launched and connected shader compiler UnityShaderCompiler.exe after 0.05 seconds
Refreshing native plugins compatible for Editor in 2.87 ms, found 4 plugins.
Preloading 0 native plugins for Editor in 0.00 ms.
Unloading 4026 Unused Serialized files (Serialized files now loaded: 0)
Unloading 64 unused Assets / (61.0 KB). Loaded Objects now: 4487.
Memory consumption went from 145.1 MB to 145.1 MB.
Total: 3.300300 ms (FindLiveObjects: 0.401100 ms CreateObjectMapping: 0.128900 ms MarkObjects: 2.652400 ms  DeleteObjects: 0.117100 ms)

AssetImportParameters requested are different than current active one (requested -> active):
  custom:container-demuxer-ogg: 62fdf1f143b41e24485cea50d1cbac27 -> 
  custom:video-decoder-ogg-theora: a1e56fd34408186e4bbccfd4996cb3dc -> 
  custom:framework-win-MediaFoundation: 216162199b28c13a410421893ffa2e32 -> 
  custom:CustomObjectIndexerAttribute: 43b350a4d6e6d1791af0b5038c4bea17 -> 
  custom:container-demuxer-webm: 4f35f7cbe854078d1ac9338744f61a02 -> 
  custom:container-muxer-webm: aa71ff27fc2769a1b78a27578f13a17b -> 
  custom:video-decoder-webm-vp8: 9c59270c3fd7afecdb556c50c9e8de78 -> 
  custom:SearchIndexIgnoredProperties: e643bd26f0fe6173181afceb89e7c659 -> 
  custom:AudioImporter_EditorPlatform: d09bf68614088b80899f8185d706f6e7 -> 
  custom:video-encoder-webm-vp8: eb34c28f22e8b96e1ab97ce403110664 -> 
  custom:audio-decoder-ogg-vorbis: bf7c407c2cedff20999df2af8eb42d56 -> 
  custom:audio-encoder-webm-vorbis: bf7c407c2cedff20999df2af8eb42d56 -> 
========================================================================
Received Import Request.
  Time since last request: 524765.036780 seconds.
  path: Assets/Kenny's pxiel platformer/Tilemap/tilemap-characters_packed.png
  artifactKey: Guid(d3e98de77593c354f9561de5380c6bef) Importer(815301076,1909f56bfc062723c751e8b465ee728b)
Start importing Assets/Kenny's pxiel platformer/Tilemap/tilemap-characters_packed.png using Guid(d3e98de77593c354f9561de5380c6bef) Importer(815301076,1909f56bfc062723c751e8b465ee728b)  -> (artifact id: 'aa4180b8678e1d8a873ccd594b3aa58d') in 0.101048 seconds
Number of updated asset objects reloaded before import = 0
Number of asset objects unloaded after import = 3
========================================================================
Received Import Request.
  Time since last request: 11.167765 seconds.
  path: Assets/Kenny's pxiel platformer/Tilemap/tilemap-characters_packed.png
  artifactKey: Guid(d3e98de77593c354f9561de5380c6bef) Importer(815301076,1909f56bfc062723c751e8b465ee728b)
Start importing Assets/Kenny's pxiel platformer/Tilemap/tilemap-characters_packed.png using Guid(d3e98de77593c354f9561de5380c6bef) Importer(815301076,1909f56bfc062723c751e8b465ee728b)  -> (artifact id: 'c4b8961c6140b48bc7c24b515b6907bd') in 0.024485 seconds
Number of updated asset objects reloaded before import = 0
Number of asset objects unloaded after import = 2
========================================================================
Received Import Request.
  Time since last request: 357.736164 seconds.
  path: Assets/Kenny's pxiel platformer/Tiles/Characters/tile_0001.png
  artifactKey: Guid(490652fe37045bc479a7d59b8874d809) Importer(815301076,1909f56bfc062723c751e8b465ee728b)
Start importing Assets/Kenny's pxiel platformer/Tiles/Characters/tile_0001.png using Guid(490652fe37045bc479a7d59b8874d809) Importer(815301076,1909f56bfc062723c751e8b465ee728b)  -> (artifact id: '982d1e5021ea7d7921c151333325977a') in 0.060450 seconds
Number of updated asset objects reloaded before import = 0
Number of asset objects unloaded after import = 3
========================================================================
Received Import Request.
  Time since last request: 0.000016 seconds.
  path: Assets/Kenny's pxiel platformer/Tiles/Characters/tile_0008.png
  artifactKey: Guid(90ec6eedea0b6954cb5d02a240dab9f2) Importer(815301076,1909f56bfc062723c751e8b465ee728b)
Start importing Assets/Kenny's pxiel platformer/Tiles/Characters/tile_0008.png using Guid(90ec6eedea0b6954cb5d02a240dab9f2) Importer(815301076,1909f56bfc062723c751e8b465ee728b)  -> (artifact id: 'f7041aef7e496f2a959786b4582ff135') in 0.025022 seconds
Number of updated asset objects reloaded before import = 0
Number of asset objects unloaded after import = 3
========================================================================
Received Import Request.
  Time since last request: 0.000016 seconds.
  path: Assets/Kenny's pxiel platformer/Tiles/Characters/tile_0016.png
  artifactKey: Guid(72d6e9a90fbf84747b22583e5d8d5af0) Importer(815301076,1909f56bfc062723c751e8b465ee728b)
Start importing Assets/Kenny's pxiel platformer/Tiles/Characters/tile_0016.png using Guid(72d6e9a90fbf84747b22583e5d8d5af0) Importer(815301076,1909f56bfc062723c751e8b465ee728b)  -> (artifact id: 'cd5239148b84a41498f52f4fb01a9146') in 0.015786 seconds
Number of updated asset objects reloaded before import = 0
Number of asset objects unloaded after import = 3
========================================================================
Received Import Request.
  Time since last request: 0.000016 seconds.
  path: Assets/Kenny's pxiel platformer/Tiles/Characters/tile_0019.png
  artifactKey: Guid(2a805e3a1e4d6fe4a8fea2b9f0e8a716) Importer(815301076,1909f56bfc062723c751e8b465ee728b)
Start importing Assets/Kenny's pxiel platformer/Tiles/Characters/tile_0019.png using Guid(2a805e3a1e4d6fe4a8fea2b9f0e8a716) Importer(815301076,1909f56bfc062723c751e8b465ee728b)  -> (artifact id: '02945c9e5cedcb5cc53122ce301ec611') in 0.015933 seconds
Number of updated asset objects reloaded before import = 0
Number of asset objects unloaded after import = 3
========================================================================
Received Import Request.
  Time since last request: 0.000015 seconds.
  path: Assets/Kenny's pxiel platformer/Tiles/Characters/tile_0003.png
  artifactKey: Guid(a64820496a1bce5469c01a35611bf3f3) Importer(815301076,1909f56bfc062723c751e8b465ee728b)
Start importing Assets/Kenny's pxiel platformer/Tiles/Characters/tile_0003.png using Guid(a64820496a1bce5469c01a35611bf3f3) Importer(815301076,1909f56bfc062723c751e8b465ee728b)  -> (artifact id: '7f405e6685cde6e910e9c7c5cd13b657') in 0.017678 seconds
Number of updated asset objects reloaded before import = 0
Number of asset objects unloaded after import = 3
========================================================================
Received Import Request.
  Time since last request: 0.000017 seconds.
  path: Assets/Kenny's pxiel platformer/Tiles/Characters/tile_0026.png
  artifactKey: Guid(245c1f8a4369fae4f8349974b521ea09) Importer(815301076,1909f56bfc062723c751e8b465ee728b)
Start importing Assets/Kenny's pxiel platformer/Tiles/Characters/tile_0026.png using Guid(245c1f8a4369fae4f8349974b521ea09) Importer(815301076,1909f56bfc062723c751e8b465ee728b)  -> (artifact id: '7ee2cc8ef111a91357178012c6178103') in 0.030603 seconds
Number of updated asset objects reloaded before import = 0
Number of asset objects unloaded after import = 3
========================================================================
Received Import Request.
  Time since last request: 0.000171 seconds.
  path: Assets/Kenny's pxiel platformer/Tiles/Characters/tile_0024.png
  artifactKey: Guid(970fafbdc76c6814e8e6619064c3abbb) Importer(815301076,1909f56bfc062723c751e8b465ee728b)
Start importing Assets/Kenny's pxiel platformer/Tiles/Characters/tile_0024.png using Guid(970fafbdc76c6814e8e6619064c3abbb) Importer(815301076,1909f56bfc062723c751e8b465ee728b)  -> (artifact id: '0facdc1965a27166fa36c5f702cc66e8') in 0.017727 seconds
Number of updated asset objects reloaded before import = 0
Number of asset objects unloaded after import = 3
========================================================================
Received Import Request.
  Time since last request: 0.000142 seconds.
  path: Assets/Kenny's pxiel platformer/Tiles/Characters/tile_0011.png
  artifactKey: Guid(1d1ee8f7887ef3140870819a78b96d47) Importer(815301076,1909f56bfc062723c751e8b465ee728b)
Start importing Assets/Kenny's pxiel platformer/Tiles/Characters/tile_0011.png using Guid(1d1ee8f7887ef3140870819a78b96d47) Importer(815301076,1909f56bfc062723c751e8b465ee728b)  -> (artifact id: 'dab213f61d75f71904c1791d45b7e882') in 0.015561 seconds
Number of updated asset objects reloaded before import = 0
Number of asset objects unloaded after import = 3
========================================================================
Received Import Request.
  Time since last request: 0.000023 seconds.
  path: Assets/Kenny's pxiel platformer/Tiles/Characters/tile_0025.png
  artifactKey: Guid(c4b29a2acb9dbb647b71f60c06e54306) Importer(815301076,1909f56bfc062723c751e8b465ee728b)
Start importing Assets/Kenny's pxiel platformer/Tiles/Characters/tile_0025.png using Guid(c4b29a2acb9dbb647b71f60c06e54306) Importer(815301076,1909f56bfc062723c751e8b465ee728b)  -> (artifact id: '8a455ed0d6b54f8b3368c9d8ad9900ab') in 0.017165 seconds
Number of updated asset objects reloaded before import = 0
Number of asset objects unloaded after import = 3
========================================================================
Received Import Request.
  Time since last request: 0.000014 seconds.
  path: Assets/Kenny's pxiel platformer/Tiles/Characters/tile_0018.png
  artifactKey: Guid(1cb850cb23e034a4295916ba0d973c77) Importer(815301076,1909f56bfc062723c751e8b465ee728b)
Start importing Assets/Kenny's pxiel platformer/Tiles/Characters/tile_0018.png using Guid(1cb850cb23e034a4295916ba0d973c77) Importer(815301076,1909f56bfc062723c751e8b465ee728b)  -> (artifact id: 'ac8bb5f9047b70bd40cf61316f80193b') in 0.018613 seconds
Number of updated asset objects reloaded before import = 0
Number of asset objects unloaded after import = 3
========================================================================
Received Import Request.
  Time since last request: 0.000016 seconds.
  path: Assets/Kenny's pxiel platformer/Tiles/Characters/tile_0020.png
  artifactKey: Guid(95c55c20d6500ea4aa14978f77512ca9) Importer(815301076,1909f56bfc062723c751e8b465ee728b)
Start importing Assets/Kenny's pxiel platformer/Tiles/Characters/tile_0020.png using Guid(95c55c20d6500ea4aa14978f77512ca9) Importer(815301076,1909f56bfc062723c751e8b465ee728b)  -> (artifact id: 'f42001db4b396e33de6d3b4e1f1df3b3') in 0.028646 seconds
Number of updated asset objects reloaded before import = 0
Number of asset objects unloaded after import = 3
========================================================================
Received Import Request.
  Time since last request: 0.000228 seconds.
  path: Assets/Kenny's pxiel platformer/Tiles/Characters/tile_0013.png
  artifactKey: Guid(27ad43224cafcdd419b94d014c351b16) Importer(815301076,1909f56bfc062723c751e8b465ee728b)
Start importing Assets/Kenny's pxiel platformer/Tiles/Characters/tile_0013.png using Guid(27ad43224cafcdd419b94d014c351b16) Importer(815301076,1909f56bfc062723c751e8b465ee728b)  -> (artifact id: '9b852c065935ba7bdaaed6e7d69b24f5') in 0.025862 seconds
Number of updated asset objects reloaded before import = 0
Number of asset objects unloaded after import = 3
========================================================================
Received Import Request.
  Time since last request: 0.000257 seconds.
  path: Assets/Kenny's pxiel platformer/Tiles/Characters/tile_0015.png
  artifactKey: Guid(9713104d441c6cc438c809a5b6209b79) Importer(815301076,1909f56bfc062723c751e8b465ee728b)
Start importing Assets/Kenny's pxiel platformer/Tiles/Characters/tile_0015.png using Guid(9713104d441c6cc438c809a5b6209b79) Importer(815301076,1909f56bfc062723c751e8b465ee728b)  -> (artifact id: '712a33d7da65d5ea31d8e64cd6f31d49') in 0.026611 seconds
Number of updated asset objects reloaded before import = 0
Number of asset objects unloaded after import = 3
========================================================================
Received Import Request.
  Time since last request: 0.000017 seconds.
  path: Assets/Kenny's pxiel platformer/Tiles/Characters/tile_0009.png
  artifactKey: Guid(24f978afeb19d2543ab1cc9823e75bdd) Importer(815301076,1909f56bfc062723c751e8b465ee728b)
Start importing Assets/Kenny's pxiel platformer/Tiles/Characters/tile_0009.png using Guid(24f978afeb19d2543ab1cc9823e75bdd) Importer(815301076,1909f56bfc062723c751e8b465ee728b)  -> (artifact id: '1367de14e67112566b363aa7669b7d3f') in 0.019829 seconds
Number of updated asset objects reloaded before import = 0
Number of asset objects unloaded after import = 3
Editor requested this worker to shutdown with reason: Scaling down because of idle timeout
TcpMessagingSession - receive error
AssetImportWorkerClient::OnTransportError - code=2 error=End of file
AssetImportWorker is now disconnected from the server
Process exiting
Exiting without the bug reporter. Application will terminate with return code 0